[0m16:57:52.999024 [debug] [MainThread]: Sending event: {'category': 'dbt', 'action': 'invocation', 'label': 'start', 'context': [<snowplow_tracker.self_describing_json.SelfDescribingJson object at 0x000001C23FD69940>, <snowplow_tracker.self_describing_json.SelfDescribingJson object at 0x000001C23C1B4F50>, <snowplow_tracker.self_describing_json.SelfDescribingJson object at 0x000001C241F14190>]}


============================== 16:57:53.179369 | 48242610-523d-402d-9d41-4ade21acf66d ==============================
[0m16:57:53.179369 [info ] [MainThread]: Running with dbt=1.10.19
[0m16:57:53.181119 [debug] [MainThread]: running dbt with arguments {'version_check': 'True', 'no_print': 'None', 'static_parser': 'True', 'warn_error_options': 'WarnErrorOptionsV2(error=[], warn=[], silence=[])', 'target_path': 'None', 'printer_width': '80', 'write_json': 'True', 'introspect': 'True', 'log_cache_events': 'False', 'empty': 'None', 'cache_selected_only': 'False', 'fail_fast': 'False', 'debug': 'False', 'log_format': 'default', 'profiles_dir': 'C:\\Users\\edoar\\.dbt', 'send_anonymous_usage_stats': 'True', 'quiet': 'False', 'warn_error': 'None', 'partial_parse': 'True', 'indirect_selection': 'eager', 'use_colors': 'True', 'invocation_command': 'dbt init', 'use_experimental_parser': 'False', 'log_path': 'logs'}
[0m16:58:09.403247 [debug] [MainThread]: Starter project path: E:\Edoardo\Education\DataEngineering Zoomcamp\.venv\Lib\site-packages\dbt\include\starter_project
[0m16:58:09.586464 [info ] [MainThread]: 
Your new dbt project "taxi_rides_ny" was created!

For more information on how to configure the profiles.yml file,
please consult the dbt documentation here:

  https://docs.getdbt.com/docs/configure-your-profile

One more thing:

Need help? Don't hesitate to reach out to us via GitHub issues or on Slack:

  https://community.getdbt.com/

Happy modeling!

[0m16:58:09.587744 [info ] [MainThread]: Setting up your profile.
[0m16:58:30.811918 [debug] [MainThread]: Command `dbt init` succeeded at 16:58:30.811697 after 38.13 seconds
[0m16:58:30.812422 [debug] [MainThread]: Sending event: {'category': 'dbt', 'action': 'invocation', 'label': 'end', 'context': [<snowplow_tracker.self_describing_json.SelfDescribingJson object at 0x000001C241F3F820>, <snowplow_tracker.self_describing_json.SelfDescribingJson object at 0x000001C23FB41A30>, <snowplow_tracker.self_describing_json.SelfDescribingJson object at 0x000001C2420598C0>]}
[0m16:58:30.812931 [debug] [MainThread]: Flushing usage events
[0m16:58:31.910051 [debug] [MainThread]: An error was encountered while trying to flush usage events
[0m17:53:05.510323 [debug] [MainThread]: Sending event: {'category': 'dbt', 'action': 'invocation', 'label': 'start', 'context': [<snowplow_tracker.self_describing_json.SelfDescribingJson object at 0x000002922E384590>, <snowplow_tracker.self_describing_json.SelfDescribingJson object at 0x0000029229D2B750>, <snowplow_tracker.self_describing_json.SelfDescribingJson object at 0x000002922EB45D10>]}


============================== 17:53:05.520093 | 5fff13a0-f092-4652-b262-7211b4629617 ==============================
[0m17:53:05.520093 [info ] [MainThread]: Running with dbt=1.10.19
[0m17:53:05.522137 [debug] [MainThread]: running dbt with arguments {'static_parser': 'True', 'no_print': 'None', 'version_check': 'True', 'target_path': 'None', 'warn_error_options': 'WarnErrorOptionsV2(error=[], warn=[], silence=[])', 'printer_width': '80', 'write_json': 'True', 'empty': 'None', 'log_cache_events': 'False', 'introspect': 'True', 'cache_selected_only': 'False', 'fail_fast': 'False', 'debug': 'False', 'log_format': 'default', 'partial_parse': 'True', 'send_anonymous_usage_stats': 'True', 'quiet': 'False', 'warn_error': 'None', 'profiles_dir': 'C:\\Users\\edoar\\.dbt', 'invocation_command': 'dbt debug', 'indirect_selection': 'eager', 'use_colors': 'True', 'use_experimental_parser': 'False', 'log_path': 'logs'}
[0m17:53:05.661674 [info ] [MainThread]: dbt version: 1.10.19
[0m17:53:05.663040 [info ] [MainThread]: python version: 3.13.10
[0m17:53:05.687691 [info ] [MainThread]: python path: E:\Edoardo\Education\DataEngineering Zoomcamp\.venv\Scripts\python.exe
[0m17:53:05.689117 [info ] [MainThread]: os info: Windows-11-10.0.26100-SP0
[0m17:53:05.696176 [info ] [MainThread]: Error importing adapter: No module named 'dbt.adapters.postgres'
[0m17:53:06.622510 [info ] [MainThread]: Using profiles dir at C:\Users\edoar\.dbt
[0m17:53:06.623632 [info ] [MainThread]: Using profiles.yml file at C:\Users\edoar\.dbt\profiles.yml
[0m17:53:06.625185 [info ] [MainThread]: Using dbt_project.yml file at E:\Edoardo\Education\DataEngineering Zoomcamp\04-analytics-engineering\dbt_project.yml
[0m17:53:06.626353 [info ] [MainThread]: Configuration:
[0m17:53:06.627382 [info ] [MainThread]:   profiles.yml file [[31mERROR invalid[0m]
[0m17:53:06.628189 [info ] [MainThread]:   dbt_project.yml file [[31mERROR not found[0m]
[0m17:53:06.628898 [info ] [MainThread]: Required dependencies:
[0m17:53:06.629445 [debug] [MainThread]: Executing "git --help"
[0m17:53:06.669227 [debug] [MainThread]: STDOUT: "b"usage: git [-v | --version] [-h | --help] [-C <path>] [-c <name>=<value>]\n           [--exec-path[=<path>]] [--html-path] [--man-path] [--info-path]\n           [-p | --paginate | -P | --no-pager] [--no-replace-objects] [--bare]\n           [--git-dir=<path>] [--work-tree=<path>] [--namespace=<name>]\n           [--super-prefix=<path>] [--config-env=<name>=<envvar>]\n           <command> [<args>]\n\nThese are common Git commands used in various situations:\n\nstart a working area (see also: git help tutorial)\n   clone     Clone a repository into a new directory\n   init      Create an empty Git repository or reinitialize an existing one\n\nwork on the current change (see also: git help everyday)\n   add       Add file contents to the index\n   mv        Move or rename a file, a directory, or a symlink\n   restore   Restore working tree files\n   rm        Remove files from the working tree and from the index\n\nexamine the history and state (see also: git help revisions)\n   bisect    Use binary search to find the commit that introduced a bug\n   diff      Show changes between commits, commit and working tree, etc\n   grep      Print lines matching a pattern\n   log       Show commit logs\n   show      Show various types of objects\n   status    Show the working tree status\n\ngrow, mark and tweak your common history\n   branch    List, create, or delete branches\n   commit    Record changes to the repository\n   merge     Join two or more development histories together\n   rebase    Reapply commits on top of another base tip\n   reset     Reset current HEAD to the specified state\n   switch    Switch branches\n   tag       Create, list, delete or verify a tag object signed with GPG\n\ncollaborate (see also: git help workflows)\n   fetch     Download objects and refs from another repository\n   pull      Fetch from and integrate with another repository or a local branch\n   push      Update remote refs along with associated objects\n\n'git help -a' and 'git help -g' list available subcommands and some\nconcept guides. See 'git help <command>' or 'git help <concept>'\nto read about a specific subcommand or concept.\nSee 'git help git' for an overview of the system.\n""
[0m17:53:06.670009 [debug] [MainThread]: STDERR: "b''"
[0m17:53:06.670790 [info ] [MainThread]:  - git [[32mOK found[0m]

[0m17:53:06.671921 [info ] [MainThread]: Connection test skipped since no profile was found
[0m17:53:06.673135 [info ] [MainThread]: [31m2 checks failed:[0m
[0m17:53:06.674889 [info ] [MainThread]: Could not load dbt_project.yml
Profile loading failed for the following reason:
Runtime Error
  Credentials in profile "custom_postgres", target "dev" invalid: Runtime Error
    Could not find adapter type postgres!


[0m17:53:06.676029 [info ] [MainThread]: Project loading failed for the following reason:
 project path <E:\Edoardo\Education\DataEngineering Zoomcamp\04-analytics-engineering\dbt_project.yml> not found

[0m17:53:06.677667 [debug] [MainThread]: Command `dbt debug` failed at 17:53:06.677434 after 1.35 seconds
[0m17:53:06.678220 [debug] [MainThread]: Sending event: {'category': 'dbt', 'action': 'invocation', 'label': 'end', 'context': [<snowplow_tracker.self_describing_json.SelfDescribingJson object at 0x000002923030B6F0>, <snowplow_tracker.self_describing_json.SelfDescribingJson object at 0x0000029230394DD0>, <snowplow_tracker.self_describing_json.SelfDescribingJson object at 0x0000029230310490>]}
[0m17:53:06.678649 [debug] [MainThread]: Flushing usage events
[0m17:53:07.868392 [debug] [MainThread]: An error was encountered while trying to flush usage events
